<?xml version="1.0" encoding="UTF-8"?>
<testng-results skipped="0" failed="0" total="1" passed="1">
  <reporter-output>
  </reporter-output>
  <suite name="Default suite" duration-ms="2600" started-at="2014-03-24T06:54:36Z" finished-at="2014-03-24T06:54:39Z">
    <groups>
    </groups>
    <test name="Default test" duration-ms="2600" started-at="2014-03-24T06:54:36Z" finished-at="2014-03-24T06:54:39Z">
      <class name="TestSection">
        <test-method status="PASS" signature="testEmailGenerator()[pri:0, instance:TestSection@3dbd56d0]" name="testEmailGenerator" duration-ms="2582" started-at="2014-03-24T08:54:36Z" finished-at="2014-03-24T08:54:39Z">
          <reporter-output>
          </reporter-output>
        </test-method> <!-- testEmailGenerator -->
      </class> <!-- TestSection -->
    </test> <!-- Default test -->
  </suite> <!-- Default suite -->
</testng-results>
